1543826652888:help
1543826699636:lessons
1543826719153:get GENKI_1
1543826729253:printSVG
1543826770572:showSVG
1543826793543:answer no
1543826800281:get GENKI_1
1543826806943:showSVG
1543826814288:answer no
1543826817961:lessons
1543826822599:get KLL_3
1543826826282:showSVG
1543833442241:help
1543833444729:aasdasdasdf
1543833446653:clear
1543833448686:help
1543833454689:printSVG
1543833485633:clear
1543833778216:help
1543833780804:lessons
1543833785476:get KLL_4
1543833789202:printSVG
1543833796856:showSVG
1543833818577:c
1543833820557:clear
1543833824076:exit
